TN:
SF:/Users/ens/pwd/uxcore/uxcore-select-form-field/src/index.js
FNF:0
FNH:0
DA:11,1
LF:1
LH:1
BRF:0
BRH:0
end_of_record
TN:
SF:/Users/ens/pwd/uxcore/uxcore-select-form-field/src/SelectFormField.jsx
FN:3,_defaults
FN:5,_classCallCheck
FN:7,_possibleConstructorReturn
FN:9,_inherits
FN:34,(anonymous_5)
FN:37,SelectFormField
FN:49,componentWillReceiveProps
FN:61,componentWillMount
FN:68,componentDidMount
FN:80,handleDataChange
FN:91,(anonymous_11)
FN:105,fetchData
FN:119,(anonymous_13)
FN:127,(anonymous_14)
FN:132,handleChange
FN:137,handleSearch
FN:142,(anonymous_17)
FN:151,_generateOptionsFromData
FN:161,(anonymous_19)
FN:177,processValue
FN:188,(anonymous_21)
FN:200,addSpecificClass
FN:208,hasDeprecatedProps
FN:212,(anonymous_24)
FN:220,renderField
FN:244,(anonymous_26)
FN:278,(anonymous_27)
FN:284,(anonymous_28)
FN:296,(anonymous_29)
FN:339,beforeFetch
FN:342,afterFetch
FN:345,fitResponse
FNF:32
FNH:29
FNDA:1,_defaults
FNDA:11,_classCallCheck
FNDA:11,_possibleConstructorReturn
FNDA:1,_inherits
FNDA:1,(anonymous_5)
FNDA:11,SelectFormField
FNDA:1,componentWillReceiveProps
FNDA:11,componentWillMount
FNDA:11,componentDidMount
FNDA:1,handleDataChange
FNDA:1,(anonymous_11)
FNDA:2,fetchData
FNDA:2,(anonymous_13)
FNDA:0,(anonymous_14)
FNDA:1,handleChange
FNDA:1,handleSearch
FNDA:0,(anonymous_17)
FNDA:10,_generateOptionsFromData
FNDA:16,(anonymous_19)
FNDA:23,processValue
FNDA:0,(anonymous_21)
FNDA:15,addSpecificClass
FNDA:11,hasDeprecatedProps
FNDA:50,(anonymous_24)
FNDA:15,renderField
FNDA:190,(anonymous_26)
FNDA:1,(anonymous_27)
FNDA:4,(anonymous_28)
FNDA:2,(anonymous_29)
FNDA:1,beforeFetch
FNDA:2,afterFetch
FNDA:2,fitResponse
DA:3,9
DA:5,11
DA:7,11
DA:9,1
DA:14,1
DA:15,1
DA:16,1
DA:17,1
DA:18,1
DA:19,1
DA:20,1
DA:21,1
DA:22,1
DA:24,1
DA:26,1
DA:29,1
DA:30,1
DA:32,1
DA:34,1
DA:35,1
DA:37,1
DA:38,11
DA:40,11
DA:42,11
DA:43,11
DA:46,11
DA:49,1
DA:50,1
DA:51,1
DA:52,0
DA:54,1
DA:55,0
DA:61,1
DA:62,11
DA:63,11
DA:64,2
DA:68,1
DA:69,11
DA:70,11
DA:71,8
DA:72,8
DA:77,11
DA:80,1
DA:81,1
DA:82,1
DA:92,1
DA:93,1
DA:94,1
DA:96,1
DA:97,1
DA:105,1
DA:106,2
DA:107,2
DA:108,0
DA:110,2
DA:119,2
DA:120,2
DA:121,2
DA:122,2
DA:124,2
DA:128,0
DA:132,1
DA:133,1
DA:134,1
DA:137,1
DA:138,1
DA:139,1
DA:140,0
DA:142,1
DA:143,0
DA:144,0
DA:145,0
DA:146,0
DA:151,1
DA:152,10
DA:153,10
DA:154,10
DA:155,10
DA:157,3
DA:158,0
DA:161,10
DA:162,16
DA:168,10
DA:177,1
DA:178,23
DA:179,23
DA:180,23
DA:181,16
DA:183,7
DA:184,0
DA:187,7
DA:188,0
DA:189,0
DA:190,0
DA:194,0
DA:197,7
DA:200,1
DA:201,15
DA:202,15
DA:203,15
DA:205,0
DA:208,1
DA:209,11
DA:210,11
DA:211,11
DA:212,11
DA:213,50
DA:215,11
DA:216,11
DA:220,1
DA:221,15
DA:222,15
DA:223,15
DA:225,15
DA:226,10
DA:244,10
DA:245,190
DA:246,12
DA:252,10
DA:253,4
DA:256,10
DA:257,10
DA:260,10
DA:261,4
DA:265,10
DA:271,5
DA:272,5
DA:273,5
DA:274,5
DA:275,5
DA:277,5
DA:278,1
DA:279,1
DA:281,4
DA:283,2
DA:284,2
DA:285,4
DA:286,4
DA:287,1
DA:290,2
DA:291,1
DA:296,2
DA:297,2
DA:298,2
DA:302,5
DA:308,15
DA:311,1
DA:314,1
DA:315,1
DA:316,1
DA:333,1
DA:340,1
DA:343,2
DA:346,2
DA:360,1
LF:155
LH:139
BRDA:3,1,0,4
BRDA:3,1,1,5
BRDA:3,2,0,9
BRDA:3,2,1,9
BRDA:3,2,2,4
BRDA:5,3,0,0
BRDA:5,3,1,11
BRDA:7,4,0,0
BRDA:7,4,1,11
BRDA:7,5,0,11
BRDA:7,5,1,0
BRDA:7,6,0,11
BRDA:7,6,1,11
BRDA:7,6,2,0
BRDA:9,7,0,0
BRDA:9,7,1,1
BRDA:9,8,0,1
BRDA:9,8,1,0
BRDA:9,9,0,1
BRDA:9,9,1,1
BRDA:9,10,0,1
BRDA:9,10,1,0
BRDA:9,11,0,0
BRDA:9,11,1,1
BRDA:51,12,0,0
BRDA:51,12,1,1
BRDA:54,13,0,0
BRDA:54,13,1,1
BRDA:63,14,0,2
BRDA:63,14,1,9
BRDA:70,15,0,8
BRDA:70,15,1,3
BRDA:85,16,0,0
BRDA:85,16,1,1
BRDA:93,17,0,1
BRDA:93,17,1,0
BRDA:96,18,0,1
BRDA:96,18,1,0
BRDA:107,19,0,0
BRDA:107,19,1,2
BRDA:112,20,0,0
BRDA:112,20,1,2
BRDA:121,21,0,2
BRDA:121,21,1,0
BRDA:139,22,0,0
BRDA:139,22,1,1
BRDA:143,23,0,0
BRDA:143,23,1,0
BRDA:145,24,0,0
BRDA:145,24,1,0
BRDA:155,25,0,3
BRDA:155,25,1,7
BRDA:157,26,0,0
BRDA:157,26,1,3
BRDA:179,27,0,23
BRDA:179,27,1,21
BRDA:180,28,0,16
BRDA:180,28,1,7
BRDA:180,29,0,23
BRDA:180,29,1,17
BRDA:183,30,0,0
BRDA:183,30,1,7
BRDA:187,31,0,0
BRDA:187,31,1,7
BRDA:189,32,0,0
BRDA:189,32,1,0
BRDA:202,33,0,15
BRDA:202,33,1,0
BRDA:215,34,0,11
BRDA:215,34,1,0
BRDA:223,35,0,15
BRDA:223,35,1,10
BRDA:225,36,0,10
BRDA:225,36,1,5
BRDA:245,37,0,12
BRDA:245,37,1,178
BRDA:252,38,0,4
BRDA:252,38,1,6
BRDA:252,39,0,10
BRDA:252,39,1,6
BRDA:256,40,0,10
BRDA:256,40,1,0
BRDA:256,41,0,10
BRDA:256,41,1,0
BRDA:257,42,0,10
BRDA:257,42,1,9
BRDA:260,43,0,4
BRDA:260,43,1,6
BRDA:271,44,0,5
BRDA:271,44,1,0
BRDA:273,45,0,5
BRDA:273,45,1,0
BRDA:275,46,0,5
BRDA:275,46,1,0
BRDA:277,47,0,1
BRDA:277,47,1,4
BRDA:277,48,0,5
BRDA:277,48,1,5
BRDA:277,48,2,4
BRDA:279,49,0,1
BRDA:279,49,1,1
BRDA:281,50,0,2
BRDA:281,50,1,2
BRDA:283,51,0,2
BRDA:283,51,1,0
BRDA:286,52,0,1
BRDA:286,52,1,3
BRDA:290,53,0,1
BRDA:290,53,1,1
BRDA:297,54,0,0
BRDA:297,54,1,2
BRDA:298,55,0,2
BRDA:298,55,1,1
BRDA:347,56,0,2
BRDA:347,56,1,0
BRDA:348,57,0,0
BRDA:348,57,1,2
BRF:117
BRH:80
end_of_record
TN:
SF:/Users/ens/pwd/uxcore/uxcore-select-form-field/src/util.js
FN:7,(anonymous_1)
FN:7,(anonymous_2)
FN:12,processData
FN:16,(anonymous_4)
FN:31,transferDataToObj
FN:33,(anonymous_6)
FN:43,getValuePropValue
FNF:7
FNH:6
FNDA:0,(anonymous_1)
FNDA:15,(anonymous_2)
FNDA:15,processData
FNDA:16,(anonymous_4)
FNDA:2,transferDataToObj
FNDA:4,(anonymous_6)
FNDA:4,getValuePropValue
DA:3,1
DA:7,15
DA:12,1
DA:13,15
DA:14,15
DA:15,15
DA:16,15
DA:17,16
DA:23,0
DA:25,15
DA:31,1
DA:32,2
DA:33,2
DA:34,4
DA:35,4
DA:37,2
DA:43,1
DA:44,4
DA:45,4
DA:46,2
DA:48,2
DA:50,4
DA:53,1
DA:58,1
LF:24
LH:23
BRDA:7,1,0,0
BRDA:7,1,1,1
BRDA:7,2,0,1
BRDA:7,2,1,0
BRDA:7,3,0,0
BRDA:7,3,1,15
BRDA:7,4,0,15
BRDA:7,4,1,15
BRDA:7,4,2,0
BRDA:7,4,3,0
BRDA:14,5,0,15
BRDA:14,5,1,0
BRDA:14,6,0,15
BRDA:14,6,1,15
BRDA:14,7,0,0
BRDA:14,7,1,15
BRDA:34,8,0,0
BRDA:34,8,1,4
BRDA:45,9,0,2
BRDA:45,9,1,2
BRF:20
BRH:12
end_of_record
