TN:
SF:/Users/ens/pwd/uxcore/uxcore-select-form-field/src/index.js
FNF:0
FNH:0
DA:11,1
LF:1
LH:1
BRF:0
BRH:0
end_of_record
TN:
SF:/Users/ens/pwd/uxcore/uxcore-select-form-field/src/SelectFormField.jsx
FN:3,_defaults
FN:5,_classCallCheck
FN:7,_possibleConstructorReturn
FN:9,_inherits
FN:34,(anonymous_5)
FN:37,SelectFormField
FN:49,componentWillReceiveProps
FN:61,componentDidMount
FN:68,componentDidMount
FN:80,componentDidUpdate
FN:92,resetSelect
FN:112,handleDataChange
FN:123,(anonymous_13)
FN:137,fetchData
FN:151,(anonymous_15)
FN:159,(anonymous_16)
FN:164,handleChange
FN:169,handleSearch
FN:174,(anonymous_19)
FN:183,_generateOptionsFromData
FN:193,(anonymous_21)
FN:209,processValue
FN:223,(anonymous_23)
FN:235,addSpecificClass
FN:243,hasDeprecatedProps
FN:247,(anonymous_26)
FN:255,renderField
FN:264,ref
FN:281,onSelect
FN:291,(anonymous_30)
FN:325,(anonymous_31)
FN:331,(anonymous_32)
FN:343,(anonymous_33)
FN:386,beforeFetch
FN:389,afterFetch
FN:392,fitResponse
FNF:36
FNH:27
FNDA:1,_defaults
FNDA:10,_classCallCheck
FNDA:10,_possibleConstructorReturn
FNDA:1,_inherits
FNDA:1,(anonymous_5)
FNDA:10,SelectFormField
FNDA:1,componentWillReceiveProps
FNDA:0,componentDidMount
FNDA:10,componentDidMount
FNDA:2,componentDidUpdate
FNDA:1,resetSelect
FNDA:1,handleDataChange
FNDA:1,(anonymous_13)
FNDA:0,fetchData
FNDA:0,(anonymous_15)
FNDA:0,(anonymous_16)
FNDA:1,handleChange
FNDA:1,handleSearch
FNDA:0,(anonymous_19)
FNDA:7,_generateOptionsFromData
FNDA:10,(anonymous_21)
FNDA:19,processValue
FNDA:0,(anonymous_23)
FNDA:12,addSpecificClass
FNDA:10,hasDeprecatedProps
FNDA:49,(anonymous_26)
FNDA:12,renderField
FNDA:9,ref
FNDA:1,onSelect
FNDA:126,(anonymous_30)
FNDA:1,(anonymous_31)
FNDA:4,(anonymous_32)
FNDA:2,(anonymous_33)
FNDA:0,beforeFetch
FNDA:0,afterFetch
FNDA:0,fitResponse
DA:3,9
DA:5,10
DA:7,10
DA:9,1
DA:14,1
DA:15,1
DA:16,1
DA:17,1
DA:18,1
DA:19,1
DA:20,1
DA:21,1
DA:22,1
DA:24,1
DA:26,1
DA:29,1
DA:30,1
DA:32,1
DA:34,1
DA:35,1
DA:37,1
DA:38,10
DA:40,10
DA:42,10
DA:43,10
DA:46,10
DA:49,1
DA:50,1
DA:51,1
DA:52,0
DA:54,1
DA:55,0
DA:61,1
DA:62,0
DA:63,0
DA:64,0
DA:68,1
DA:69,10
DA:70,10
DA:71,7
DA:72,7
DA:77,10
DA:80,1
DA:81,2
DA:83,2
DA:84,0
DA:92,1
DA:93,1
DA:94,1
DA:98,1
DA:99,0
DA:100,0
DA:102,0
DA:104,0
DA:105,0
DA:107,0
DA:112,1
DA:113,1
DA:114,1
DA:124,1
DA:125,1
DA:126,1
DA:128,1
DA:129,1
DA:137,1
DA:138,0
DA:139,0
DA:140,0
DA:142,0
DA:151,0
DA:152,0
DA:153,0
DA:154,0
DA:156,0
DA:160,0
DA:164,1
DA:165,1
DA:166,1
DA:169,1
DA:170,1
DA:171,1
DA:172,0
DA:174,1
DA:175,0
DA:176,0
DA:177,0
DA:178,0
DA:183,1
DA:184,7
DA:185,7
DA:186,7
DA:187,7
DA:189,2
DA:190,0
DA:193,7
DA:194,10
DA:200,7
DA:209,1
DA:210,19
DA:211,19
DA:212,19
DA:213,17
DA:215,19
DA:216,16
DA:218,3
DA:219,0
DA:222,3
DA:223,0
DA:224,0
DA:225,0
DA:229,0
DA:232,3
DA:235,1
DA:236,12
DA:237,12
DA:238,12
DA:240,0
DA:243,1
DA:244,10
DA:245,10
DA:246,10
DA:247,10
DA:248,49
DA:250,10
DA:251,10
DA:255,1
DA:256,12
DA:258,12
DA:259,12
DA:260,12
DA:262,12
DA:263,7
DA:265,9
DA:282,1
DA:283,1
DA:284,0
DA:286,0
DA:291,7
DA:292,126
DA:293,7
DA:299,7
DA:300,1
DA:303,7
DA:304,7
DA:307,7
DA:308,1
DA:312,7
DA:318,5
DA:319,5
DA:320,5
DA:321,5
DA:322,5
DA:324,5
DA:325,1
DA:326,1
DA:328,4
DA:330,2
DA:331,2
DA:332,4
DA:333,4
DA:334,1
DA:337,2
DA:338,1
DA:343,2
DA:344,2
DA:345,2
DA:349,5
DA:355,12
DA:358,1
DA:361,1
DA:362,1
DA:363,1
DA:380,1
DA:387,0
DA:390,0
DA:393,0
DA:407,1
LF:177
LH:138
BRDA:3,1,0,4
BRDA:3,1,1,5
BRDA:3,2,0,9
BRDA:3,2,1,9
BRDA:3,2,2,4
BRDA:5,3,0,0
BRDA:5,3,1,10
BRDA:7,4,0,0
BRDA:7,4,1,10
BRDA:7,5,0,10
BRDA:7,5,1,0
BRDA:7,6,0,10
BRDA:7,6,1,10
BRDA:7,6,2,0
BRDA:9,7,0,0
BRDA:9,7,1,1
BRDA:9,8,0,1
BRDA:9,8,1,0
BRDA:9,9,0,1
BRDA:9,9,1,1
BRDA:9,10,0,1
BRDA:9,10,1,0
BRDA:9,11,0,0
BRDA:9,11,1,1
BRDA:51,12,0,0
BRDA:51,12,1,1
BRDA:54,13,0,0
BRDA:54,13,1,1
BRDA:63,14,0,0
BRDA:63,14,1,0
BRDA:70,15,0,7
BRDA:70,15,1,3
BRDA:83,16,0,0
BRDA:83,16,1,2
BRDA:83,17,0,2
BRDA:83,17,1,0
BRDA:98,18,0,0
BRDA:98,18,1,1
BRDA:98,19,0,1
BRDA:98,19,1,0
BRDA:99,20,0,0
BRDA:99,20,1,0
BRDA:104,21,0,0
BRDA:104,21,1,0
BRDA:117,22,0,0
BRDA:117,22,1,1
BRDA:125,23,0,1
BRDA:125,23,1,0
BRDA:128,24,0,1
BRDA:128,24,1,0
BRDA:139,25,0,0
BRDA:139,25,1,0
BRDA:144,26,0,0
BRDA:144,26,1,0
BRDA:153,27,0,0
BRDA:153,27,1,0
BRDA:171,28,0,0
BRDA:171,28,1,1
BRDA:175,29,0,0
BRDA:175,29,1,0
BRDA:177,30,0,0
BRDA:177,30,1,0
BRDA:187,31,0,2
BRDA:187,31,1,5
BRDA:189,32,0,0
BRDA:189,32,1,2
BRDA:212,33,0,17
BRDA:212,33,1,2
BRDA:215,34,0,16
BRDA:215,34,1,3
BRDA:215,35,0,19
BRDA:215,35,1,17
BRDA:218,36,0,0
BRDA:218,36,1,3
BRDA:222,37,0,0
BRDA:222,37,1,3
BRDA:224,38,0,0
BRDA:224,38,1,0
BRDA:237,39,0,12
BRDA:237,39,1,0
BRDA:250,40,0,10
BRDA:250,40,1,0
BRDA:260,41,0,12
BRDA:260,41,1,7
BRDA:262,42,0,7
BRDA:262,42,1,5
BRDA:283,43,0,0
BRDA:283,43,1,1
BRDA:292,44,0,7
BRDA:292,44,1,119
BRDA:299,45,0,1
BRDA:299,45,1,6
BRDA:299,46,0,7
BRDA:299,46,1,6
BRDA:303,47,0,7
BRDA:303,47,1,0
BRDA:303,48,0,7
BRDA:303,48,1,0
BRDA:304,49,0,7
BRDA:304,49,1,6
BRDA:307,50,0,1
BRDA:307,50,1,6
BRDA:318,51,0,5
BRDA:318,51,1,0
BRDA:320,52,0,5
BRDA:320,52,1,0
BRDA:322,53,0,5
BRDA:322,53,1,0
BRDA:324,54,0,1
BRDA:324,54,1,4
BRDA:324,55,0,5
BRDA:324,55,1,5
BRDA:324,55,2,4
BRDA:326,56,0,1
BRDA:326,56,1,1
BRDA:328,57,0,2
BRDA:328,57,1,2
BRDA:330,58,0,2
BRDA:330,58,1,0
BRDA:333,59,0,1
BRDA:333,59,1,3
BRDA:337,60,0,1
BRDA:337,60,1,1
BRDA:344,61,0,0
BRDA:344,61,1,2
BRDA:345,62,0,2
BRDA:345,62,1,1
BRDA:394,63,0,0
BRDA:394,63,1,0
BRDA:395,64,0,0
BRDA:395,64,1,0
BRF:131
BRH:78
end_of_record
TN:
SF:/Users/ens/pwd/uxcore/uxcore-select-form-field/src/util.js
FN:7,(anonymous_1)
FN:7,(anonymous_2)
FN:12,processData
FN:16,(anonymous_4)
FN:31,transferDataToObj
FN:33,(anonymous_6)
FN:43,getValuePropValue
FNF:7
FNH:6
FNDA:0,(anonymous_1)
FNDA:10,(anonymous_2)
FNDA:10,processData
FNDA:10,(anonymous_4)
FNDA:2,transferDataToObj
FNDA:4,(anonymous_6)
FNDA:4,getValuePropValue
DA:3,1
DA:7,10
DA:12,1
DA:13,10
DA:14,10
DA:15,10
DA:16,10
DA:17,10
DA:23,0
DA:25,10
DA:31,1
DA:32,2
DA:33,2
DA:34,4
DA:35,4
DA:37,2
DA:43,1
DA:44,4
DA:45,4
DA:46,2
DA:48,2
DA:50,4
DA:53,1
DA:58,1
LF:24
LH:23
BRDA:7,1,0,0
BRDA:7,1,1,1
BRDA:7,2,0,1
BRDA:7,2,1,0
BRDA:7,3,0,0
BRDA:7,3,1,10
BRDA:7,4,0,10
BRDA:7,4,1,10
BRDA:7,4,2,0
BRDA:7,4,3,0
BRDA:14,5,0,10
BRDA:14,5,1,0
BRDA:14,6,0,10
BRDA:14,6,1,10
BRDA:14,7,0,0
BRDA:14,7,1,10
BRDA:34,8,0,0
BRDA:34,8,1,4
BRDA:45,9,0,2
BRDA:45,9,1,2
BRF:20
BRH:12
end_of_record
